[0109/234120.634:ERROR:process_reader_win.cc(242)] ReadMemory at 0xe60000 of 64 bytes failed: Only part of a ReadProcessMemory or WriteProcessMemory request was completed. (0x12B)
[0109/234120.635:WARNING:pe_image_reader.cc(281)] could not read dos header from C:\Program Files\Google\Chrome\Application\chrome.exe
[0109/234120.636:ERROR:process_reader_win.cc(242)] ReadMemory at 0x76f40000 of 64 bytes failed: Only part of a ReadProcessMemory or WriteProcessMemory request was completed. (0x12B)
[0109/234120.636:WARNING:pe_image_reader.cc(281)] could not read dos header from C:\Windows\SYSTEM32\ntdll.dll
[0109/234120.636:ERROR:process_reader_win.cc(242)] ReadMemory at 0x751f0000 of 64 bytes failed: Only part of a ReadProcessMemory or WriteProcessMemory request was completed. (0x12B)
[0109/234120.636:WARNING:pe_image_reader.cc(281)] could not read dos header from C:\Windows\system32\KERNELBASE.dll
[0109/234120.636:ERROR:process_reader_win.cc(242)] ReadMemory at 0x76ab0000 of 64 bytes failed: Only part of a ReadProcessMemory or WriteProcessMemory request was completed. (0x12B)
[0109/234120.636:WARNING:pe_image_reader.cc(281)] could not read dos header from C:\Windows\system32\kernel32.dll
[0109/234120.636:ERROR:process_reader_win.cc(242)] ReadMemory at 0x76960000 of 64 bytes failed: Only part of a ReadProcessMemory or WriteProcessMemory request was completed. (0x12B)
[0109/234120.636:WARNING:pe_image_reader.cc(281)] could not read dos header from C:\Windows\system32\msvcrt.dll
[0109/234120.637:ERROR:process_reader_win.cc(242)] ReadMemory at 0x74590000 of 64 bytes failed: Only part of a ReadProcessMemory or WriteProcessMemory request was completed. (0x12B)
[0109/234120.637:WARNING:pe_image_reader.cc(281)] could not read dos header from C:\Windows\system32\VERSION.dll
[0109/234120.637:ERROR:process_reader_win.cc(242)] ReadMemory at 0x71b20000 of 64 bytes failed: Only part of a ReadProcessMemory or WriteProcessMemory request was completed. (0x12B)
[0109/234120.637:WARNING:pe_image_reader.cc(281)] could not read dos header from C:\Program Files\Google\Chrome\Application\63.0.3239.132\chrome_elf.dll
[0109/234120.637:ERROR:process_reader_win.cc(242)] ReadMemory at 0x770c0000 of 64 bytes failed: Only part of a ReadProcessMemory or WriteProcessMemory request was completed. (0x12B)
[0109/234120.637:WARNING:pe_image_reader.cc(281)] could not read dos header from C:\Windows\system32\RPCRT4.dll
[0109/234120.637:ERROR:process_reader_win.cc(242)] ReadMemory at 0x75390000 of 64 bytes failed: Only part of a ReadProcessMemory or WriteProcessMemory request was completed. (0x12B)
[0109/234120.637:WARNING:pe_image_reader.cc(281)] could not read dos header from C:\Windows\SYSTEM32\sechost.dll
[0109/234120.637:ERROR:process_reader_win.cc(242)] ReadMemory at 0x766c0000 of 64 bytes failed: Only part of a ReadProcessMemory or WriteProcessMemory request was completed. (0x12B)
[0109/234120.637:WARNING:pe_image_reader.cc(281)] could not read dos header from C:\Windows\system32\ADVAPI32.dll
[0109/234120.637:ERROR:process_reader_win.cc(242)] ReadMemory at 0x75930000 of 64 bytes failed: Only part of a ReadProcessMemory or WriteProcessMemory request was completed. (0x12B)
[0109/234120.637:WARNING:pe_image_reader.cc(281)] could not read dos header from C:\Windows\system32\PSAPI.DLL
[0109/234120.637:ERROR:process_reader_win.cc(242)] ReadMemory at 0x75540000 of 64 bytes failed: Only part of a ReadProcessMemory or WriteProcessMemory request was completed. (0x12B)
[0109/234120.638:WARNING:pe_image_reader.cc(281)] could not read dos header from C:\Windows\system32\USER32.dll
[0109/234120.638:ERROR:process_reader_win.cc(242)] ReadMemory at 0x768c0000 of 64 bytes failed: Only part of a ReadProcessMemory or WriteProcessMemory request was completed. (0x12B)
[0109/234120.638:WARNING:pe_image_reader.cc(281)] could not read dos header from C:\Windows\system32\USP10.dll
[0109/234120.638:ERROR:process_reader_win.cc(242)] ReadMemory at 0x75850000 of 64 bytes failed: Only part of a ReadProcessMemory or WriteProcessMemory request was completed. (0x12B)
[0109/234120.638:WARNING:pe_image_reader.cc(281)] could not read dos header from C:\Windows\system32\LPK.dll
[0109/234120.638:ERROR:process_reader_win.cc(242)] ReadMemory at 0x753b0000 of 64 bytes failed: Only part of a ReadProcessMemory or WriteProcessMemory request was completed. (0x12B)
[0109/234120.638:WARNING:pe_image_reader.cc(281)] could not read dos header from C:\Windows\system32\GDI32.dll
[0109/234120.638:ERROR:process_reader_win.cc(242)] ReadMemory at 0x76a10000 of 64 bytes failed: Only part of a ReadProcessMemory or WriteProcessMemory request was completed. (0x12B)
[0109/234120.638:WARNING:pe_image_reader.cc(281)] could not read dos header from C:\Windows\system32\SHLWAPI.dll
[0109/234120.638:ERROR:process_reader_win.cc(242)] ReadMemory at 0x759f0000 of 64 bytes failed: Only part of a ReadProcessMemory or WriteProcessMemory request was completed. (0x12B)
[0109/234120.638:WARNING:pe_image_reader.cc(281)] could not read dos header from C:\Windows\system32\SHELL32.dll
[0109/234120.639:ERROR:process_reader_win.cc(242)] ReadMemory at 0x735a0000 of 64 bytes failed: Only part of a ReadProcessMemory or WriteProcessMemory request was completed. (0x12B)
[0109/234120.639:WARNING:pe_image_reader.cc(281)] could not read dos header from C:\Windows\system32\WINMM.dll
[0109/234120.639:ERROR:process_reader_win.cc(242)] ReadMemory at 0x75090000 of 64 bytes failed: Only part of a ReadProcessMemory or WriteProcessMemory request was completed. (0x12B)
[0109/234120.639:WARNING:pe_image_reader.cc(281)] could not read dos header from C:\Windows\system32\profapi.dll
[0109/234120.639:ERROR:process_reader_win.cc(242)] ReadMemory at 0x746f0000 of 64 bytes failed: Only part of a ReadProcessMemory or WriteProcessMemory request was completed. (0x12B)
[0109/234120.639:WARNING:pe_image_reader.cc(281)] could not read dos header from C:\Windows\system32\USERENV.dll
[0109/234120.639:ERROR:process_reader_win.cc(242)] ReadMemory at 0x71010000 of 64 bytes failed: Only part of a ReadProcessMemory or WriteProcessMemory request was completed. (0x12B)
[0109/234120.639:WARNING:pe_image_reader.cc(281)] could not read dos header from C:\Windows\system32\webio.dll
[0109/234120.639:ERROR:process_reader_win.cc(242)] ReadMemory at 0x71060000 of 64 bytes failed: Only part of a ReadProcessMemory or WriteProcessMemory request was completed. (0x12B)
[0109/234120.639:WARNING:pe_image_reader.cc(281)] could not read dos header from C:\Windows\system32\WINHTTP.dll
[0109/234120.639:ERROR:process_reader_win.cc(242)] ReadMemory at 0x75860000 of 64 bytes failed: Only part of a ReadProcessMemory or WriteProcessMemory request was completed. (0x12B)
[0109/234120.639:WARNING:pe_image_reader.cc(281)] could not read dos header from C:\Windows\system32\MSCTF.dll
[0109/234120.639:ERROR:process_reader_win.cc(242)] ReadMemory at 0x75940000 of 64 bytes failed: Only part of a ReadProcessMemory or WriteProcessMemory request was completed. (0x12B)
[0109/234120.640:WARNING:pe_image_reader.cc(281)] could not read dos header from C:\Windows\system32\IMM32.DLL
[0109/234120.640:ERROR:process_reader_win.cc(242)] ReadMemory at 0x76760000 of 64 bytes failed: Only part of a ReadProcessMemory or WriteProcessMemory request was completed. (0x12B)
[0109/234120.640:WARNING:pe_image_reader.cc(281)] could not read dos header from C:\Windows\system32\ole32.dll
[0109/234120.640:ERROR:process_reader_win.cc(242)] ReadMemory at 0x75960000 of 64 bytes failed: Only part of a ReadProcessMemory or WriteProcessMemory request was completed. (0x12B)
[0109/234120.640:WARNING:pe_image_reader.cc(281)] could not read dos header from C:\Windows\system32\OLEAUT32.dll
[0109/234120.640:ERROR:process_reader_win.cc(242)] ReadMemory at 0x77080000 of 64 bytes failed: Only part of a ReadProcessMemory or WriteProcessMemory request was completed. (0x12B)
[0109/234120.640:WARNING:pe_image_reader.cc(281)] could not read dos header from C:\Windows\system32\NSI.dll
[0109/234120.640:ERROR:process_reader_win.cc(242)] ReadMemory at 0x76a70000 of 64 bytes failed: Only part of a ReadProcessMemory or WriteProcessMemory request was completed. (0x12B)
[0109/234120.640:WARNING:pe_image_reader.cc(281)] could not read dos header from C:\Windows\system32\WS2_32.dll
[0109/234120.640:ERROR:process_reader_win.cc(242)] ReadMemory at 0x75100000 of 64 bytes failed: Only part of a ReadProcessMemory or WriteProcessMemory request was completed. (0x12B)
[0109/234120.640:WARNING:pe_image_reader.cc(281)] could not read dos header from C:\Windows\system32\MSASN1.dll
[0109/234120.641:ERROR:process_reader_win.cc(242)] ReadMemory at 0x75240000 of 64 bytes failed: Only part of a ReadProcessMemory or WriteProcessMemory request was completed. (0x12B)
[0109/234120.641:WARNING:pe_image_reader.cc(281)] could not read dos header from C:\Windows\system32\CRYPT32.dll
[0109/234120.641:ERROR:process_reader_win.cc(242)] ReadMemory at 0x75360000 of 64 bytes failed: Only part of a ReadProcessMemory or WriteProcessMemory request was completed. (0x12B)
[0109/234120.641:WARNING:pe_image_reader.cc(281)] could not read dos header from C:\Windows\system32\WINTRUST.dll
[0109/234120.641:ERROR:process_reader_win.cc(242)] ReadMemory at 0x73e00000 of 64 bytes failed: Only part of a ReadProcessMemory or WriteProcessMemory request was completed. (0x12B)
[0109/234120.641:WARNING:pe_image_reader.cc(281)] could not read dos header from C:\Windows\WinSxS\x86_microsoft.windows.common-controls_6595b64144ccf1df_6.0.7601.17514_none_41e6975e2bd6f2b2\COMCTL32.dll
[0109/234120.641:ERROR:process_reader_win.cc(242)] ReadMemory at 0x76640000 of 64 bytes failed: Only part of a ReadProcessMemory or WriteProcessMemory request was completed. (0x12B)
[0109/234120.641:WARNING:pe_image_reader.cc(281)] could not read dos header from C:\Windows\system32\COMDLG32.dll
[0109/234120.641:ERROR:process_reader_win.cc(242)] ReadMemory at 0x6ba00000 of 64 bytes failed: Only part of a ReadProcessMemory or WriteProcessMemory request was completed. (0x12B)
[0109/234120.641:WARNING:pe_image_reader.cc(281)] could not read dos header from C:\Windows\system32\dbghelp.dll
[0109/234120.641:ERROR:process_reader_win.cc(242)] ReadMemory at 0x6fd30000 of 64 bytes failed: Only part of a ReadProcessMemory or WriteProcessMemory request was completed. (0x12B)
[0109/234120.641:WARNING:pe_image_reader.cc(281)] could not read dos header from C:\Windows\system32\WINSPOOL.DRV
[0109/234120.641:ERROR:process_reader_win.cc(242)] ReadMemory at 0x72ed0000 of 64 bytes failed: Only part of a ReadProcessMemory or WriteProcessMemory request was completed. (0x12B)
[0109/234120.642:WARNING:pe_image_reader.cc(281)] could not read dos header from C:\Windows\system32\WINNSI.DLL
[0109/234120.642:ERROR:process_reader_win.cc(242)] ReadMemory at 0x72ee0000 of 64 bytes failed: Only part of a ReadProcessMemory or WriteProcessMemory request was completed. (0x12B)
[0109/234120.642:WARNING:pe_image_reader.cc(281)] could not read dos header from C:\Windows\system32\IPHLPAPI.DLL
[0109/234120.642:ERROR:process_reader_win.cc(242)] ReadMemory at 0x74f80000 of 64 bytes failed: Only part of a ReadProcessMemory or WriteProcessMemory request was completed. (0x12B)
[0109/234120.642:WARNING:pe_image_reader.cc(281)] could not read dos header from C:\Windows\system32\Secur32.dll
[0109/234120.642:ERROR:process_reader_win.cc(242)] ReadMemory at 0x74fa0000 of 64 bytes failed: Only part of a ReadProcessMemory or WriteProcessMemory request was completed. (0x12B)
[0109/234120.642:WARNING:pe_image_reader.cc(281)] could not read dos header from C:\Windows\system32\SSPICLI.DLL
[0109/234120.642:ERROR:process_reader_win.cc(242)] ReadMemory at 0x76d40000 of 64 bytes failed: Only part of a ReadProcessMemory or WriteProcessMemory request was completed. (0x12B)
[0109/234120.642:WARNING:pe_image_reader.cc(281)] could not read dos header from C:\Windows\system32\iertutil.dll
[0109/234120.642:ERROR:process_reader_win.cc(242)] ReadMemory at 0x76b90000 of 64 bytes failed: Only part of a ReadProcessMemory or WriteProcessMemory request was completed. (0x12B)
[0109/234120.642:WARNING:pe_image_reader.cc(281)] could not read dos header from C:\Windows\system32\WININET.dll
[0109/234120.642:ERROR:process_reader_win.cc(242)] ReadMemory at 0x75400000 of 64 bytes failed: Only part of a ReadProcessMemory or WriteProcessMemory request was completed. (0x12B)
[0109/234120.643:WARNING:pe_image_reader.cc(281)] could not read dos header from C:\Windows\system32\urlmon.dll
[0109/234120.643:ERROR:process_reader_win.cc(242)] ReadMemory at 0x6b8f0000 of 64 bytes failed: Only part of a ReadProcessMemory or WriteProcessMemory request was completed. (0x12B)
[0109/234120.643:WARNING:pe_image_reader.cc(281)] could not read dos header from C:\Windows\system32\DWrite.dll
[0109/234120.643:ERROR:process_reader_win.cc(242)] ReadMemory at 0x683c0000 of 64 bytes failed: Only part of a ReadProcessMemory or WriteProcessMemory request was completed. (0x12B)
[0109/234120.643:WARNING:pe_image_reader.cc(281)] could not read dos header from C:\Program Files\Google\Chrome\Application\63.0.3239.132\chrome_child.dll
[0109/234120.643:ERROR:process_reader_win.cc(242)] ReadMemory at 0x75010000 of 64 bytes failed: Only part of a ReadProcessMemory or WriteProcessMemory request was completed. (0x12B)
[0109/234120.643:WARNING:pe_image_reader.cc(281)] could not read dos header from C:\Windows\system32\cryptbase.dll
[0109/234120.672:ERROR:process_reader_win.cc(242)] ReadMemory at 0x165000 of 45056 bytes failed: Only part of a ReadProcessMemory or WriteProcessMemory request was completed. (0x12B)
[0109/234120.673:ERROR:crash_report_exception_handler.cc(116)] WriteEverything failed
[0109/234120.675:ERROR:scoped_process_suspend.cc(39)] NtResumeProcess: An attempt was made to access an exiting process.  (0xc000010a)
[0110/205527.215:ERROR:process_reader_win.cc(151)] SuspendThread: Access is denied. (0x5)
[0110/205527.272:ERROR:process_reader_win.cc(151)] SuspendThread: Access is denied. (0x5)
[0110/205527.272:ERROR:process_reader_win.cc(123)] NtOpenThread: An invalid Client ID was specified.  (0xc000000b)
[0110/205527.325:ERROR:process_reader_win.cc(123)] NtOpenThread: An invalid Client ID was specified.  (0xc000000b)
[0110/205527.327:ERROR:process_reader_win.cc(123)] NtOpenThread: An invalid Client ID was specified.  (0xc000000b)
[0110/205527.327:ERROR:process_reader_win.cc(123)] NtOpenThread: An invalid Client ID was specified.  (0xc000000b)
[0110/205527.327:ERROR:process_reader_win.cc(123)] NtOpenThread: An invalid Client ID was specified.  (0xc000000b)
[0110/205527.327:ERROR:process_reader_win.cc(123)] NtOpenThread: An invalid Client ID was specified.  (0xc000000b)
[0110/205527.327:ERROR:process_reader_win.cc(123)] NtOpenThread: An invalid Client ID was specified.  (0xc000000b)
[0110/205527.327:ERROR:exception_snapshot_win.cc(87)] thread ID 2016 not found in process
[0110/205527.328:WARNING:crash_report_exception_handler.cc(62)] ProcessSnapshotWin::Initialize failed
[0110/205527.328:ERROR:scoped_process_suspend.cc(39)] NtResumeProcess: An attempt was made to access an exiting process.  (0xc000010a)
